[01m[K/home/zrene/catkin_ws_hiper_hand/src/ethercat_device_configurator/ethercat_device_configurator/src/hiper_hand.cpp:[m[K In member function â€˜[01m[Kvoid example::ExampleEcatHardwareInterface::interactiveControl()[m[Kâ€™:
[01m[K/home/zrene/catkin_ws_hiper_hand/src/ethercat_device_configurator/ethercat_device_configurator/src/hiper_hand.cpp:217:25:[m[K [01;31m[Kerror: [m[Ksuggest parentheses around comparison in operand of â€˜[01m[K==[m[Kâ€™ [[01;31m[K-Werror=parentheses[m[K]
  217 |           if ([01;31m[Kvelocity1 == velocity2[m[K == 0.0){
      |               [01;31m[K~~~~~~~~~~^~~~~~~~~~~~[m[K
[01m[K/home/zrene/catkin_ws_hiper_hand/src/ethercat_device_configurator/ethercat_device_configurator/src/hiper_hand.cpp:218:13:[m[K [01;31m[Kerror: [m[Kâ€˜[01m[Kcomand[m[Kâ€™ was not declared in this scope; did you mean â€˜[01m[Kcommand[m[Kâ€™?
  218 |             [01;31m[Kcomand[m[K.setControlWord(maxon::ControlWord::QUICK_STOP);
      |             [01;31m[K^~~~~~[m[K
      |             [32m[Kcommand[m[K
[01m[K/home/zrene/catkin_ws_hiper_hand/src/ethercat_device_configurator/ethercat_device_configurator/src/hiper_hand.cpp:218:42:[m[K [01;31m[Kerror: [m[Kâ€˜[01m[Kmaxon::ControlWord[m[Kâ€™ has not been declared
  218 |             comand.setControlWord(maxon::[01;31m[KControlWord[m[K::QUICK_STOP);
      |                                          [01;31m[K^~~~~~~~~~~[m[K
cc1plus: all warnings being treated as errors
make[2]: *** [CMakeFiles/hiper_hand.dir/build.make:63: CMakeFiles/hiper_hand.dir/src/hiper_hand.cpp.o] Error 1
make[1]: *** [CMakeFiles/Makefile2:876: CMakeFiles/hiper_hand.dir/all] Error 2
make: *** [Makefile:141: all] Error 2
