[01m[K/home/zrene/catkin_ws_hiper_hand/src/ethercat_device_configurator/ethercat_device_configurator/src/hiper_hand.cpp:[m[K In member function â€˜[01m[Kvoid example::ExampleEcatHardwareInterface::interactiveControl()[m[Kâ€™:
[01m[K/home/zrene/catkin_ws_hiper_hand/src/ethercat_device_configurator/ethercat_device_configurator/src/hiper_hand.cpp:218:21:[m[K [01;31m[Kerror: [m[Kâ€˜[01m[Kclass maxon::Command[m[Kâ€™ has no member named â€˜[01m[KsetControlWord[m[Kâ€™
  218 |             command.[01;31m[KsetControlWord[m[K(maxon::ControlWord::QUICK_STOP);
      |                     [01;31m[K^~~~~~~~~~~~~~[m[K
[01m[K/home/zrene/catkin_ws_hiper_hand/src/ethercat_device_configurator/ethercat_device_configurator/src/hiper_hand.cpp:218:43:[m[K [01;31m[Kerror: [m[Kâ€˜[01m[Kmaxon::ControlWord[m[Kâ€™ has not been declared
  218 |             command.setControlWord(maxon::[01;31m[KControlWord[m[K::QUICK_STOP);
      |                                           [01;31m[K^~~~~~~~~~~[m[K
make[2]: *** [CMakeFiles/hiper_hand.dir/build.make:63: CMakeFiles/hiper_hand.dir/src/hiper_hand.cpp.o] Error 1
make[1]: *** [CMakeFiles/Makefile2:876: CMakeFiles/hiper_hand.dir/all] Error 2
make: *** [Makefile:141: all] Error 2
