In file included from [01m[K/home/zrene/catkin_ws_hiper_hand/src/maxon_epos_ethercat_sdk/include/maxon_epos_ethercat_sdk/Maxon.hpp:42[m[K,
                 from [01m[K/home/zrene/catkin_ws_hiper_hand/src/maxon_epos_ethercat_sdk/src/maxon_epos_ethercat_sdk/ConfigureParameters.cpp:36[m[K:
[01m[K/home/zrene/catkin_ws_hiper_hand/src/soem_interface/soem_rsl/soem_rsl/soem_rsl/ethercatmain.h:372:3:[m[K [01;31m[Kerror: [m[Kâ€˜[01m[Kecx_portt[m[Kâ€™ does not name a type; did you mean â€˜[01m[Kecx_context[m[Kâ€™?
  372 |   [01;31m[Kecx_portt[m[K* port;
      |   [01;31m[K^~~~~~~~~[m[K
      |   [32m[Kecx_context[m[K
[01m[K/home/zrene/catkin_ws_hiper_hand/src/soem_interface/soem_rsl/soem_rsl/soem_rsl/ethercatmain.h:475:47:[m[K [01;31m[Kerror: [m[Kâ€˜[01m[Kecx_redportt[m[Kâ€™ has not been declared
  475 | int ecx_init_redundant(ecx_contextt* context, [01;31m[Kecx_redportt[m[K* redport, const char* ifname, char* if2name);
      |                                               [01;31m[K^~~~~~~~~~~~[m[K
make[2]: *** [CMakeFiles/maxon_epos_ethercat_sdk.dir/build.make:102: CMakeFiles/maxon_epos_ethercat_sdk.dir/src/maxon_epos_ethercat_sdk/ConfigureParameters.cpp.o] Error 1
make[2]: *** Waiting for unfinished jobs....
In file included from [01m[K/home/zrene/catkin_ws_hiper_hand/src/maxon_epos_ethercat_sdk/include/maxon_epos_ethercat_sdk/Maxon.hpp:42[m[K,
                 from [01m[K/home/zrene/catkin_ws_hiper_hand/src/maxon_epos_ethercat_sdk/src/maxon_epos_ethercat_sdk/Maxon.cpp:33[m[K:
[01m[K/home/zrene/catkin_ws_hiper_hand/src/soem_interface/soem_rsl/soem_rsl/soem_rsl/ethercatmain.h:372:3:[m[K [01;31m[Kerror: [m[Kâ€˜[01m[Kecx_portt[m[Kâ€™ does not name a type; did you mean â€˜[01m[Kecx_context[m[Kâ€™?
  372 |   [01;31m[Kecx_portt[m[K* port;
      |   [01;31m[K^~~~~~~~~[m[K
      |   [32m[Kecx_context[m[K
[01m[K/home/zrene/catkin_ws_hiper_hand/src/soem_interface/soem_rsl/soem_rsl/soem_rsl/ethercatmain.h:475:47:[m[K [01;31m[Kerror: [m[Kâ€˜[01m[Kecx_redportt[m[Kâ€™ has not been declared
  475 | int ecx_init_redundant(ecx_contextt* context, [01;31m[Kecx_redportt[m[K* redport, const char* ifname, char* if2name);
      |                                               [01;31m[K^~~~~~~~~~~~[m[K
In file included from [01m[K/home/zrene/catkin_ws_hiper_hand/src/maxon_epos_ethercat_sdk/include/maxon_epos_ethercat_sdk/Maxon.hpp:42[m[K,
                 from [01m[K/home/zrene/catkin_ws_hiper_hand/src/maxon_epos_ethercat_sdk/src/maxon_epos_ethercat_sdk/Diagnostics.cpp:33[m[K:
[01m[K/home/zrene/catkin_ws_hiper_hand/src/soem_interface/soem_rsl/soem_rsl/soem_rsl/ethercatmain.h:372:3:[m[K [01;31m[Kerror: [m[Kâ€˜[01m[Kecx_portt[m[Kâ€™ does not name a type; did you mean â€˜[01m[Kecx_context[m[Kâ€™?
  372 |   [01;31m[Kecx_portt[m[K* port;
      |   [01;31m[K^~~~~~~~~[m[K
      |   [32m[Kecx_context[m[K
[01m[K/home/zrene/catkin_ws_hiper_hand/src/soem_interface/soem_rsl/soem_rsl/soem_rsl/ethercatmain.h:475:47:[m[K [01;31m[Kerror: [m[Kâ€˜[01m[Kecx_redportt[m[Kâ€™ has not been declared
  475 | int ecx_init_redundant(ecx_contextt* context, [01;31m[Kecx_redportt[m[K* redport, const char* ifname, char* if2name);
      |                                               [01;31m[K^~~~~~~~~~~~[m[K
make[2]: *** [CMakeFiles/maxon_epos_ethercat_sdk.dir/build.make:128: CMakeFiles/maxon_epos_ethercat_sdk.dir/src/maxon_epos_ethercat_sdk/Diagnostics.cpp.o] Error 1
make[2]: *** [CMakeFiles/maxon_epos_ethercat_sdk.dir/build.make:154: CMakeFiles/maxon_epos_ethercat_sdk.dir/src/maxon_epos_ethercat_sdk/Maxon.cpp.o] Error 1
make[1]: *** [CMakeFiles/Makefile2:169: CMakeFiles/maxon_epos_ethercat_sdk.dir/all] Error 2
make: *** [Makefile:141: all] Error 2
